==121022== Memcheck, a memory error detector
==121022== Copyright (C) 2002-2017, and GNU GPL'd, by Julian Seward et al.
==121022== Using Valgrind-3.15.0 and LibVEX; rerun with -h for copyright info
==121022== Command: ./minishell
==121022== 
==121022== 
==121022== FILE DESCRIPTORS: 7 open at exit.
==121022== Open file descriptor 103: /usr/share/code/v8_context_snapshot.bin
==121022==    <inherited from parent>
==121022== 
==121022== Open file descriptor 42: /dev/ptmx
==121022==    <inherited from parent>
==121022== 
==121022== Open file descriptor 41: /dev/ptmx
==121022==    <inherited from parent>
==121022== 
==121022== Open file descriptor 39: /dev/ptmx
==121022==    <inherited from parent>
==121022== 
==121022== Open file descriptor 38: /usr/share/code/resources/app/node_modules.asar
==121022==    <inherited from parent>
==121022== 
==121022== Open AF_UNIX socket 37: <unknown>
==121022==    <inherited from parent>
==121022== 
==121022== Open file descriptor 36: /home/parallels/.config/Code/logs/20230922T142730/ptyhost.log
==121022==    <inherited from parent>
==121022== 
==121022== 
==121022== HEAP SUMMARY:
==121022==     in use at exit: 204,904 bytes in 243 blocks
==121022==   total heap usage: 802 allocs, 559 frees, 233,489 bytes allocated
==121022== 
==121022== LEAK SUMMARY:
==121022==    definitely lost: 0 bytes in 0 blocks
==121022==    indirectly lost: 0 bytes in 0 blocks
==121022==      possibly lost: 0 bytes in 0 blocks
==121022==    still reachable: 0 bytes in 0 blocks
==121022==         suppressed: 204,904 bytes in 243 blocks
==121022== 
==121022== For lists of detected and suppressed errors, rerun with: -s
==121022== ERROR SUMMARY: 0 errors from 0 contexts (suppressed: 1 from 1)
